<?xml version="1.0" encoding="UTF-8"?>
<testsuite name="Cucumber" time="29.789" tests="1" skipped="0" failures="0" errors="0">
<testcase classname="To check work experience section is taking details of user" name="To check functionality of preferred city form" time="29.575">
<system-out><![CDATA[
Given user is on homepage...................................................passed
When user clicks on profile to explore profile interface....................passed
And user clicks userprofile option..........................................passed
And user scroll left........................................................passed
And user clicks on add Preferred city option to oprn form...................passed
And user scroll down........................................................passed
And user enters year_of_admission...........................................passed
And user enters city........................................................passed
And user enters Budget......................................................passed
Then user clicks on save button.............................................passed
]]></system-out>
</testcase>
</testsuite>
